#
# There is insufficient memory for the Java Runtime Environment to continue.
# Native memory allocation (mmap) failed to map 41943040 bytes. Error detail: G1 virtual space
# Possible reasons:
#   The system is out of physical RAM or swap space
#   This process is running with CompressedOops enabled, and the Java Heap may be blocking the growth of the native heap
# Possible solutions:
#   Reduce memory load on the system
#   Increase physical memory or swap space
#   Check if swap backing store is full
#   Decrease Java heap size (-Xmx/-Xms)
#   Decrease number of Java threads
#   Decrease Java thread stack sizes (-Xss)
#   Set larger code cache with -XX:ReservedCodeCacheSize=
#   JVM is running with Zero Based Compressed Oops mode in which the Java heap is
#     placed in the first 32GB address space. The Java Heap base address is the
#     maximum limit for the native heap growth. Please use -XX:HeapBaseMinAddress
#     to set the Java Heap base and to place the Java Heap above 32GB virtual address.
# This output file may be truncated or incomplete.
#
#  Out of Memory Error (os_windows.cpp:3898), pid=4216, tid=13008
#
# JRE version: OpenJDK Runtime Environment (21.0.6) (build 21.0.6+-13368085-b895.109)
# Java VM: OpenJDK 64-Bit Server VM (21.0.6+-13368085-b895.109, mixed mode, tiered, compressed oops, compressed class ptrs, g1 gc, windows-amd64)
# No core dump will be written. Minidumps are not enabled by default on client versions of Windows
#

---------------  S U M M A R Y ------------

Command Line: org.jetbrains.kotlin.cli.jvm.K2JVMCompiler @C:\Users\Mohammad\AndroidStudioProjects\MyApplication7\app\build\20250625_17956313343606793189.compiler.options

Host: Intel(R) Core(TM) i5-8250U CPU @ 1.60GHz, 8 cores, 19G,  Windows 10 , 64 bit Build 19041 (10.0.19041.546)
Time: Wed Jun 25 13:03:31 2025 Greenwich Standard Time elapsed time: 14.609800 seconds (0d 0h 0m 14s)

---------------  T H R E A D  ---------------

Current thread (0x000002957e875920):  VMThread "VM Thread"          [id=13008, stack(0x000000ad6be00000,0x000000ad6bf00000) (1024K)]

Stack: [0x000000ad6be00000,0x000000ad6bf00000]
Native frames: (J=compiled Java code, j=interpreted, Vv=VM code, C=native code)
V  [jvm.dll+0x6d0639]
V  [jvm.dll+0x85eb03]
V  [jvm.dll+0x86105e]
V  [jvm.dll+0x861743]
V  [jvm.dll+0x27e6e6]
V  [jvm.dll+0x6ccfd5]
V  [jvm.dll+0x6c0a8a]
V  [jvm.dll+0x35537b]
V  [jvm.dll+0x35cfd6]
V  [jvm.dll+0x3aef86]
V  [jvm.dll+0x3af258]
V  [jvm.dll+0x327a2c]
V  [jvm.dll+0x327ab7]
V  [jvm.dll+0x36d93c]
V  [jvm.dll+0x36c0ee]
V  [jvm.dll+0x327181]
V  [jvm.dll+0x36b7f0]
V  [jvm.dll+0x8674c8]
V  [jvm.dll+0x868844]
V  [jvm.dll+0x868d80]
V  [jvm.dll+0x869013]
V  [jvm.dll+0x806ed8]
V  [jvm.dll+0x6cef0d]
C  [ucrtbase.dll+0x214c2]
C  [KERNEL32.DLL+0x17034]
C  [ntdll.dll+0x4cec1]

VM_Operation (0x000000ad6b7f8e20): G1CollectForAllocation, mode: safepoint, requested by thread 0x000002957533a770


---------------  P R O C E S S  ---------------

Threads class SMR info:
_java_thread_list=0x000002951fc98e50, length=12, elements={
0x000002957533a770, 0x000002951804c580, 0x000002951801b620, 0x000002951801bc80,
0x0000029518035f90, 0x000002951805cf60, 0x000002951803a600, 0x000002951803b9a0,
0x0000029518063da0, 0x00000295181f7140, 0x00000295181f7960, 0x000002951ced49d0
}

Java Threads: ( => current thread )
  0x000002957533a770 JavaThread "main"                              [_thread_blocked, id=14804, stack(0x000000ad6b700000,0x000000ad6b800000) (1024K)]
  0x000002951804c580 JavaThread "Reference Handler"          daemon [_thread_blocked, id=16436, stack(0x000000ad6bf00000,0x000000ad6c000000) (1024K)]
  0x000002951801b620 JavaThread "Finalizer"                  daemon [_thread_blocked, id=3992, stack(0x000000ad6c000000,0x000000ad6c100000) (1024K)]
  0x000002951801bc80 JavaThread "Signal Dispatcher"          daemon [_thread_blocked, id=5188, stack(0x000000ad6c100000,0x000000ad6c200000) (1024K)]
  0x0000029518035f90 JavaThread "Attach Listener"            daemon [_thread_blocked, id=2720, stack(0x000000ad6c200000,0x000000ad6c300000) (1024K)]
  0x000002951805cf60 JavaThread "Service Thread"             daemon [_thread_blocked, id=9164, stack(0x000000ad6c300000,0x000000ad6c400000) (1024K)]
  0x000002951803a600 JavaThread "Monitor Deflation Thread"   daemon [_thread_blocked, id=13108, stack(0x000000ad6c400000,0x000000ad6c500000) (1024K)]
  0x000002951803b9a0 JavaThread "C2 CompilerThread0"         daemon [_thread_blocked, id=12616, stack(0x000000ad6c500000,0x000000ad6c600000) (1024K)]
  0x0000029518063da0 JavaThread "C1 CompilerThread0"         daemon [_thread_blocked, id=16372, stack(0x000000ad6c600000,0x000000ad6c700000) (1024K)]
  0x00000295181f7140 JavaThread "Notification Thread"        daemon [_thread_blocked, id=9580, stack(0x000000ad6c700000,0x000000ad6c800000) (1024K)]
  0x00000295181f7960 JavaThread "Common-Cleaner"             daemon [_thread_blocked, id=16876, stack(0x000000ad6c800000,0x000000ad6c900000) (1024K)]
  0x000002951ced49d0 JavaThread "C2 CompilerThread1"         daemon [_thread_blocked, id=12264, stack(0x000000ad6d100000,0x000000ad6d200000) (1024K)]
Total: 12

Other Threads:
=>0x000002957e875920 VMThread "VM Thread"                           [id=13008, stack(0x000000ad6be00000,0x000000ad6bf00000) (1024K)]
  0x000002957e812570 WatcherThread "VM Periodic Task Thread"        [id=14792, stack(0x000000ad6bd00000,0x000000ad6be00000) (1024K)]
  0x0000029577607390 WorkerThread "GC Thread#0"                     [id=10904, stack(0x000000ad6b800000,0x000000ad6b900000) (1024K)]
  0x000002951887a110 WorkerThread "GC Thread#1"                     [id=9772, stack(0x000000ad6c900000,0x000000ad6ca00000) (1024K)]
  0x000002951889d7e0 WorkerThread "GC Thread#2"                     [id=16112, stack(0x000000ad6ca00000,0x000000ad6cb00000) (1024K)]
  0x000002951889db80 WorkerThread "GC Thread#3"                     [id=10444, stack(0x000000ad6cb00000,0x000000ad6cc00000) (1024K)]
  0x000002951889e530 WorkerThread "GC Thread#4"                     [id=10736, stack(0x000000ad6cc00000,0x000000ad6cd00000) (1024K)]
  0x000002951889e8d0 WorkerThread "GC Thread#5"                     [id=12756, stack(0x000000ad6cd00000,0x000000ad6ce00000) (1024K)]
  0x0000029518897fc0 WorkerThread "GC Thread#6"                     [id=436, stack(0x000000ad6ce00000,0x000000ad6cf00000) (1024K)]
  0x0000029518a086c0 WorkerThread "GC Thread#7"                     [id=8180, stack(0x000000ad6cf00000,0x000000ad6d000000) (1024K)]
  0x0000029577612280 ConcurrentGCThread "G1 Main Marker"            [id=1232, stack(0x000000ad6b900000,0x000000ad6ba00000) (1024K)]
  0x0000029577612d80 WorkerThread "G1 Conc#0"                       [id=7592, stack(0x000000ad6ba00000,0x000000ad6bb00000) (1024K)]
  0x0000029518a08a60 WorkerThread "G1 Conc#1"                       [id=16232, stack(0x000000ad6d000000,0x000000ad6d100000) (1024K)]
  0x000002957766ead0 ConcurrentGCThread "G1 Refine#0"               [id=15748, stack(0x000000ad6bb00000,0x000000ad6bc00000) (1024K)]
  0x000002957e6e9450 ConcurrentGCThread "G1 Service"                [id=5584, stack(0x000000ad6bc00000,0x000000ad6bd00000) (1024K)]
Total: 15

Threads with active compile tasks:
C2 CompilerThread0  14634 8380       4       org.jetbrains.kotlin.types.model.TypeSystemCommonSuperTypesContext::anySuperTypeConstructor (316 bytes)
C1 CompilerThread0  14634 8559       3       org.jetbrains.kotlin.fir.java.enhancement.FirSignatureEnhancement::enhance$java (1054 bytes)
C2 CompilerThread1  14634 8561       4       org.jetbrains.kotlin.types.TypeCheckerState$SupertypesPolicy$LowerIfFlexible::transformType (29 bytes)
Total: 3

VM state: at safepoint (normal execution)

VM Mutex/Monitor currently owned by a thread:  ([mutex/lock_event])
[0x00007ffcde76e3a0] Threads_lock - owner thread: 0x000002957e875920
[0x00007ffcde76e4a0] Heap_lock - owner thread: 0x000002957533a770

Heap address: 0x00000006c1c00000, size: 5092 MB, Compressed Oops mode: Zero based, Oop shift amount: 3

CDS archive(s) not mapped
Compressed class space mapped at: 0x0000000800000000-0x0000000840000000, reserved size: 1073741824
Narrow klass base: 0x0000000800000000, Narrow klass shift: 0, Narrow klass range: 0x40000000

GC Precious Log:
 CardTable entry size: 512
 Card Set container configuration: InlinePtr #cards 4 size 8 Array Of Cards #cards 32 size 80 Howl #buckets 8 coarsen threshold 7372 Howl Bitmap #cards 1024 size 144 coarsen threshold 921 Card regions per heap region 1 cards per card region 8192
 CPUs: 8 total, 8 available
 Memory: 20358M
 Large Page Support: Disabled
 NUMA Support: Disabled
 Compressed Oops: Enabled (Zero based)
 Heap Region Size: 4M
 Heap Min Capacity: 8M
 Heap Initial Capacity: 320M
 Heap Max Capacity: 5092M
 Pre-touch: Disabled
 Parallel Workers: 8
 Concurrent Workers: 2
 Concurrent Refinement Workers: 8
 Periodic GC: Disabled

Heap:
 garbage-first heap   total 192512K, used 93516K [0x00000006c1c00000, 0x0000000800000000)
  region size 4096K, 3 young (12288K), 3 survivors (12288K)
 Metaspace       used 71763K, committed 72064K, reserved 1114112K
  class space    used 7942K, committed 8064K, reserved 1048576K

Heap Regions: E=young(eden), S=young(survivor), O=old, HS=humongous(starts), HC=humongous(continues), CS=collection set, F=free, TAMS=top-at-mark-start, PB=parsable bottom
|   0|0x00000006c1c00000, 0x00000006c2000000, 0x00000006c2000000|100%|HS|  |TAMS 0x00000006c1c00000| PB 0x00000006c1c00000| Complete 
|   1|0x00000006c2000000, 0x00000006c2400000, 0x00000006c2400000|100%| O|  |TAMS 0x00000006c2000000| PB 0x00000006c2000000| Untracked 
|   2|0x00000006c2400000, 0x00000006c2800000, 0x00000006c2800000|100%| O|  |TAMS 0x00000006c2400000| PB 0x00000006c2400000| Untracked 
|   3|0x00000006c2800000, 0x00000006c2c00000, 0x00000006c2c00000|100%| O|  |TAMS 0x00000006c2800000| PB 0x00000006c2800000| Untracked 
|   4|0x00000006c2c00000, 0x00000006c3000000, 0x00000006c3000000|100%| O|  |TAMS 0x00000006c2c00000| PB 0x00000006c2c00000| Untracked 
|   5|0x00000006c3000000, 0x00000006c3400000, 0x00000006c3400000|100%| O|  |TAMS 0x00000006c3000000| PB 0x00000006c3000000| Untracked 
|   6|0x00000006c3400000, 0x00000006c3800000, 0x00000006c3800000|100%| O|  |TAMS 0x00000006c3400000| PB 0x00000006c3400000| Untracked 
|   7|0x00000006c3800000, 0x00000006c3800000, 0x00000006c3c00000|  0%| F|  |TAMS 0x00000006c3800000| PB 0x00000006c3800000| Untracked 
|   8|0x00000006c3c00000, 0x00000006c4000000, 0x00000006c4000000|100%| O|  |TAMS 0x00000006c3c00000| PB 0x00000006c3c00000| Untracked 
|   9|0x00000006c4000000, 0x00000006c4400000, 0x00000006c4400000|100%| O|  |TAMS 0x00000006c4000000| PB 0x00000006c4000000| Untracked 
|  10|0x00000006c4400000, 0x00000006c4800000, 0x00000006c4800000|100%| O|  |TAMS 0x00000006c4400000| PB 0x00000006c4400000| Untracked 
|  11|0x00000006c4800000, 0x00000006c4c00000, 0x00000006c4c00000|100%| O|  |TAMS 0x00000006c4800000| PB 0x00000006c4800000| Untracked 
|  12|0x00000006c4c00000, 0x00000006c5000000, 0x00000006c5000000|100%| O|  |TAMS 0x00000006c4c00000| PB 0x00000006c4c00000| Untracked 
|  13|0x00000006c5000000, 0x00000006c5400000, 0x00000006c5400000|100%| O|  |TAMS 0x00000006c5000000| PB 0x00000006c5000000| Untracked 
|  14|0x00000006c5400000, 0x00000006c5800000, 0x00000006c5800000|100%| O|  |TAMS 0x00000006c5400000| PB 0x00000006c5400000| Untracked 
|  15|0x00000006c5800000, 0x00000006c5c00000, 0x00000006c5c00000|100%| O|  |TAMS 0x00000006c5800000| PB 0x00000006c5800000| Untracked 
|  16|0x00000006c5c00000, 0x00000006c6000000, 0x00000006c6000000|100%| O|  |TAMS 0x00000006c5c00000| PB 0x00000006c5c00000| Untracked 
|  17|0x00000006c6000000, 0x00000006c6400000, 0x00000006c6400000|100%| O|  |TAMS 0x00000006c6000000| PB 0x00000006c6000000| Untracked 
|  18|0x00000006c6400000, 0x00000006c6800000, 0x00000006c6800000|100%| O|  |TAMS 0x00000006c6400000| PB 0x00000006c6400000| Untracked 
|  19|0x00000006c6800000, 0x00000006c6c00000, 0x00000006c6c00000|100%| O|  |TAMS 0x00000006c6800000| PB 0x00000006c6800000| Untracked 
|  20|0x00000006c6c00000, 0x00000006c7000000, 0x00000006c7000000|100%| O|  |TAMS 0x00000006c6c00000| PB 0x00000006c6c00000| Untracked 
|  21|0x00000006c7000000, 0x00000006c70d1280, 0x00000006c7400000| 20%| O|  |TAMS 0x00000006c7000000| PB 0x00000006c7000000| Untracked 
|  22|0x00000006c7400000, 0x00000006c7400000, 0x00000006c7800000|  0%| F|  |TAMS 0x00000006c7400000| PB 0x00000006c7400000| Untracked 
|  23|0x00000006c7800000, 0x00000006c7800000, 0x00000006c7c00000|  0%| F|  |TAMS 0x00000006c7800000| PB 0x00000006c7800000| Untracked 
|  24|0x00000006c7c00000, 0x00000006c7c00000, 0x00000006c8000000|  0%| F|  |TAMS 0x00000006c7c00000| PB 0x00000006c7c00000| Untracked 
|  25|0x00000006c8000000, 0x00000006c8000000, 0x00000006c8400000|  0%| F|  |TAMS 0x00000006c8000000| PB 0x00000006c8000000| Untracked 
|  26|0x00000006c8400000, 0x00000006c8400000, 0x00000006c8800000|  0%| F|  |TAMS 0x00000006c8400000| PB 0x00000006c8400000| Untracked 
|  27|0x00000006c8800000, 0x00000006c8800000, 0x00000006c8c00000|  0%| F|  |TAMS 0x00000006c8800000| PB 0x00000006c8800000| Untracked 
|  28|0x00000006c8c00000, 0x00000006c8e81d88, 0x00000006c9000000| 62%| S|CS|TAMS 0x00000006c8c00000| PB 0x00000006c8c00000| Complete 
|  29|0x00000006c9000000, 0x00000006c9400000, 0x00000006c9400000|100%| S|CS|TAMS 0x00000006c9000000| PB 0x00000006c9000000| Complete 
|  30|0x00000006c9400000, 0x00000006c9800000, 0x00000006c9800000|100%| S|CS|TAMS 0x00000006c9400000| PB 0x00000006c9400000| Complete 
|  31|0x00000006c9800000, 0x00000006c9800000, 0x00000006c9c00000|  0%| F|  |TAMS 0x00000006c9800000| PB 0x00000006c9800000| Untracked 
|  32|0x00000006c9c00000, 0x00000006c9c00000, 0x00000006ca000000|  0%| F|  |TAMS 0x00000006c9c00000| PB 0x00000006c9c00000| Untracked 
|  33|0x00000006ca000000, 0x00000006ca000000, 0x00000006ca400000|  0%| F|  |TAMS 0x00000006ca000000| PB 0x00000006ca000000| Untracked 
|  34|0x00000006ca400000, 0x00000006ca400000, 0x00000006ca800000|  0%| F|  |TAMS 0x00000006ca400000| PB 0x00000006ca400000| Untracked 
|  35|0x00000006ca800000, 0x00000006ca800000, 0x00000006cac00000|  0%| F|  |TAMS 0x00000006ca800000| PB 0x00000006ca800000| Untracked 
|  36|0x00000006cac00000, 0x00000006cac00000, 0x00000006cb000000|  0%| F|  |TAMS 0x00000006cac00000| PB 0x00000006cac00000| Untracked 
|  37|0x00000006cb000000, 0x00000006cb000000, 0x00000006cb400000|  0%| F|  |TAMS 0x00000006cb000000| PB 0x00000006cb000000| Untracked 
|  38|0x00000006cb400000, 0x00000006cb400000, 0x00000006cb800000|  0%| F|  |TAMS 0x00000006cb400000| PB 0x00000006cb400000| Untracked 
|  39|0x00000006cb800000, 0x00000006cb800000, 0x00000006cbc00000|  0%| F|  |TAMS 0x00000006cb800000| PB 0x00000006cb800000| Untracked 
|  40|0x00000006cbc00000, 0x00000006cbc00000, 0x00000006cc000000|  0%| F|  |TAMS 0x00000006cbc00000| PB 0x00000006cbc00000| Untracked 
|  41|0x00000006cc000000, 0x00000006cc000000, 0x00000006cc400000|  0%| F|  |TAMS 0x00000006cc000000| PB 0x00000006cc000000| Untracked 
|  42|0x00000006cc400000, 0x00000006cc400000, 0x00000006cc800000|  0%| F|  |TAMS 0x00000006cc400000| PB 0x00000006cc400000| Untracked 
|  43|0x00000006cc800000, 0x00000006cc800000, 0x00000006ccc00000|  0%| F|  |TAMS 0x00000006cc800000| PB 0x00000006cc800000| Untracked 
|  44|0x00000006ccc00000, 0x00000006ccc00000, 0x00000006cd000000|  0%| F|  |TAMS 0x00000006ccc00000| PB 0x00000006ccc00000| Untracked 
|  77|0x00000006d5000000, 0x00000006d5000000, 0x00000006d5400000|  0%| F|  |TAMS 0x00000006d5000000| PB 0x00000006d5000000| Untracked 
|  79|0x00000006d5800000, 0x00000006d5800000, 0x00000006d5c00000|  0%| F|  |TAMS 0x00000006d5800000| PB 0x00000006d5800000| Untracked 

Card table byte_map: [0x000002957b430000,0x000002957be30000] _byte_map_base: 0x0000029577e22000

Marking Bits: (CMBitMap*) 0x0000029577607a90
 Bits: [0x000002950f000000, 0x0000029513f90000)

Polling page: 0x0000029576d70000

Metaspace:

Usage:
  Non-class:     62.32 MB used.
      Class:      7.76 MB used.
       Both:     70.08 MB used.

Virtual space:
  Non-class space:       64.00 MB reserved,      62.50 MB ( 98%) committed,  1 nodes.
      Class space:        1.00 GB reserved,       7.88 MB ( <1%) committed,  1 nodes.
             Both:        1.06 GB reserved,      70.38 MB (  6%) committed. 

Chunk freelists:
   Non-Class:  1.44 MB
       Class:  8.08 MB
        Both:  9.52 MB

MaxMetaspaceSize: unlimited
CompressedClassSpaceSize: 1.00 GB
Initial GC threshold: 21.00 MB
Current GC threshold: 101.38 MB
CDS: off
 - commit_granule_bytes: 65536.
 - commit_granule_words: 8192.
 - virtual_space_node_default_size: 8388608.
 - enlarge_chunks_in_place: 1.
 - use_allocation_guard: 0.


Internal statistics:

num_allocs_failed_limit: 21.
num_arena_births: 362.
num_arena_deaths: 0.
num_vsnodes_births: 2.
num_vsnodes_deaths: 0.
num_space_committed: 1125.
num_space_uncommitted: 0.
num_chunks_returned_to_freelist: 21.
num_chunks_taken_from_freelist: 2611.
num_chunk_merges: 21.
num_chunk_splits: 2148.
num_chunks_enlarged: 1921.
num_inconsistent_stats: 0.

CodeHeap 'non-profiled nmethods': size=120000Kb used=4446Kb max_used=4446Kb free=115553Kb
 bounds [0x0000029507ad0000, 0x0000029507f30000, 0x000002950f000000]
CodeHeap 'profiled nmethods': size=120000Kb used=23051Kb max_used=23051Kb free=96948Kb
 bounds [0x0000029500000000, 0x0000029501690000, 0x0000029507530000]
CodeHeap 'non-nmethods': size=5760Kb used=1771Kb max_used=1833Kb free=3988Kb
 bounds [0x0000029507530000, 0x00000295077a0000, 0x0000029507ad0000]
 total_blobs=8941 nmethods=8150 adapters=694
 compilation: enabled
              stopped_count=0, restarted_count=0
 full_count=0

Compilation events (20 events):
Event: 14.525 Thread 0x0000029518063da0 nmethod 8556 0x0000029501680690 code [0x00000295016808e0, 0x00000295016812e0]
Event: 14.525 Thread 0x0000029518063da0 8557       3       org.jetbrains.kotlin.fir.java.enhancement.FirEnhancedSymbolsStorage$EnhancementSymbolsCache$$Lambda/0x00000008005b5e68::invoke (12 bytes)
Event: 14.525 Thread 0x0000029518063da0 nmethod 8557 0x0000029501681610 code [0x00000295016817c0, 0x0000029501681ae0]
Event: 14.525 Thread 0x0000029518063da0 8558       3       org.jetbrains.kotlin.fir.java.enhancement.FirEnhancedSymbolsStorage$EnhancementSymbolsCache::enhancedVariables$lambda$3 (35 bytes)
Event: 14.526 Thread 0x000002951ced49d0 nmethod 8376 0x0000029507f24e90 code [0x0000029507f25060, 0x0000029507f25330]
Event: 14.526 Thread 0x000002951ced49d0 8201       4       java.util.ArrayDeque::addLast (51 bytes)
Event: 14.527 Thread 0x0000029518063da0 nmethod 8558 0x0000029501681c10 code [0x0000029501681ec0, 0x0000029501682b20]
Event: 14.527 Thread 0x0000029518063da0 8559       3       org.jetbrains.kotlin.fir.java.enhancement.FirSignatureEnhancement::enhance$java (1054 bytes)
Event: 14.529 Thread 0x000002951ced49d0 nmethod 8201 0x0000029507f25610 code [0x0000029507f257c0, 0x0000029507f25a40]
Event: 14.529 Thread 0x000002951ced49d0 8379       4       org.jetbrains.kotlin.types.TypeCheckerState::<init> (59 bytes)
Event: 14.534 Thread 0x000002951ced49d0 nmethod 8379 0x0000029507f25b90 code [0x0000029507f25d20, 0x0000029507f26140]
Event: 14.534 Thread 0x000002951ced49d0 8300       4       org.jetbrains.kotlin.ir.IrElementBase::<init> (5 bytes)
Event: 14.534 Thread 0x000002951ced49d0 nmethod 8300 0x0000029507f26290 code [0x0000029507f26420, 0x0000029507f264a8]
Event: 14.534 Thread 0x000002951ced49d0 8382       4       org.jetbrains.kotlin.fir.types.ConeInferenceContext::newTypeCheckerState (37 bytes)
Event: 14.546 Thread 0x000002951ced49d0 nmethod 8382 0x0000029507f26590 code [0x0000029507f26740, 0x0000029507f26cc0]
Event: 14.546 Thread 0x000002951ced49d0 8364       4       java.util.Arrays$ArrayItr::next (36 bytes)
Event: 14.547 Thread 0x000002951ced49d0 nmethod 8364 0x0000029507f26f10 code [0x0000029507f270a0, 0x0000029507f271a0]
Event: 14.547 Thread 0x000002951ced49d0 8571       4       org.jetbrains.kotlin.utils.CollectionsKt::compactIfPossible (75 bytes)
Event: 14.551 Thread 0x000002951ced49d0 nmethod 8571 0x0000029507f27290 code [0x0000029507f27440, 0x0000029507f27630]
Event: 14.551 Thread 0x000002951ced49d0 8561       4       org.jetbrains.kotlin.types.TypeCheckerState$SupertypesPolicy$LowerIfFlexible::transformType (29 bytes)

GC Heap History (20 events):
Event: 2.531 GC heap after
{Heap after GC invocations=5 (full 0):
 garbage-first heap   total 53248K, used 16457K [0x00000006c1c00000, 0x0000000800000000)
  region size 4096K, 3 young (12288K), 3 survivors (12288K)
 Metaspace       used 26039K, committed 26304K, reserved 1114112K
  class space    used 2818K, committed 2944K, reserved 1048576K
}
Event: 2.880 GC heap before
{Heap before GC invocations=5 (full 0):
 garbage-first heap   total 53248K, used 32841K [0x00000006c1c00000, 0x0000000800000000)
  region size 4096K, 7 young (28672K), 3 survivors (12288K)
 Metaspace       used 28443K, committed 28736K, reserved 1114112K
  class space    used 3087K, committed 3200K, reserved 1048576K
}
Event: 2.907 GC heap after
{Heap after GC invocations=6 (full 0):
 garbage-first heap   total 53248K, used 19363K [0x00000006c1c00000, 0x0000000800000000)
  region size 4096K, 1 young (4096K), 1 survivors (4096K)
 Metaspace       used 28443K, committed 28736K, reserved 1114112K
  class space    used 3087K, committed 3200K, reserved 1048576K
}
Event: 3.576 GC heap before
{Heap before GC invocations=6 (full 0):
 garbage-first heap   total 53248K, used 39843K [0x00000006c1c00000, 0x0000000800000000)
  region size 4096K, 6 young (24576K), 1 survivors (4096K)
 Metaspace       used 34533K, committed 34816K, reserved 1114112K
  class space    used 4233K, committed 4352K, reserved 1048576K
}
Event: 3.593 GC heap after
{Heap after GC invocations=7 (full 0):
 garbage-first heap   total 53248K, used 21362K [0x00000006c1c00000, 0x0000000800000000)
  region size 4096K, 1 young (4096K), 1 survivors (4096K)
 Metaspace       used 34533K, committed 34816K, reserved 1114112K
  class space    used 4233K, committed 4352K, reserved 1048576K
}
Event: 3.797 GC heap before
{Heap before GC invocations=7 (full 0):
 garbage-first heap   total 53248K, used 29554K [0x00000006c1c00000, 0x0000000800000000)
  region size 4096K, 4 young (16384K), 1 survivors (4096K)
 Metaspace       used 35907K, committed 36160K, reserved 1114112K
  class space    used 4387K, committed 4480K, reserved 1048576K
}
Event: 3.807 GC heap after
{Heap after GC invocations=8 (full 0):
 garbage-first heap   total 53248K, used 22352K [0x00000006c1c00000, 0x0000000800000000)
  region size 4096K, 1 young (4096K), 1 survivors (4096K)
 Metaspace       used 35907K, committed 36160K, reserved 1114112K
  class space    used 4387K, committed 4480K, reserved 1048576K
}
Event: 4.153 GC heap before
{Heap before GC invocations=9 (full 0):
 garbage-first heap   total 53248K, used 34640K [0x00000006c1c00000, 0x0000000800000000)
  region size 4096K, 5 young (20480K), 1 survivors (4096K)
 Metaspace       used 39615K, committed 39936K, reserved 1114112K
  class space    used 4759K, committed 4928K, reserved 1048576K
}
Event: 4.164 GC heap after
{Heap after GC invocations=10 (full 0):
 garbage-first heap   total 53248K, used 23372K [0x00000006c1c00000, 0x0000000800000000)
  region size 4096K, 1 young (4096K), 1 survivors (4096K)
 Metaspace       used 39615K, committed 39936K, reserved 1114112K
  class space    used 4759K, committed 4928K, reserved 1048576K
}
Event: 4.731 GC heap before
{Heap before GC invocations=10 (full 0):
 garbage-first heap   total 53248K, used 39756K [0x00000006c1c00000, 0x0000000800000000)
  region size 4096K, 5 young (20480K), 1 survivors (4096K)
 Metaspace       used 44197K, committed 44480K, reserved 1114112K
  class space    used 5221K, committed 5376K, reserved 1048576K
}
Event: 4.754 GC heap after
{Heap after GC invocations=11 (full 0):
 garbage-first heap   total 192512K, used 23785K [0x00000006c1c00000, 0x0000000800000000)
  region size 4096K, 1 young (4096K), 1 survivors (4096K)
 Metaspace       used 44197K, committed 44480K, reserved 1114112K
  class space    used 5221K, committed 5376K, reserved 1048576K
}
Event: 7.419 GC heap before
{Heap before GC invocations=11 (full 0):
 garbage-first heap   total 192512K, used 134377K [0x00000006c1c00000, 0x0000000800000000)
  region size 4096K, 28 young (114688K), 1 survivors (4096K)
 Metaspace       used 54809K, committed 55168K, reserved 1114112K
  class space    used 6299K, committed 6464K, reserved 1048576K
}
Event: 7.470 GC heap after
{Heap after GC invocations=12 (full 0):
 garbage-first heap   total 192512K, used 49424K [0x00000006c1c00000, 0x0000000800000000)
  region size 4096K, 4 young (16384K), 4 survivors (16384K)
 Metaspace       used 54809K, committed 55168K, reserved 1114112K
  class space    used 6299K, committed 6464K, reserved 1048576K
}
Event: 9.548 GC heap before
{Heap before GC invocations=12 (full 0):
 garbage-first heap   total 192512K, used 114960K [0x00000006c1c00000, 0x0000000800000000)
  region size 4096K, 20 young (81920K), 4 survivors (16384K)
 Metaspace       used 60528K, committed 60864K, reserved 1114112K
  class space    used 6966K, committed 7104K, reserved 1048576K
}
Event: 9.601 GC heap after
{Heap after GC invocations=13 (full 0):
 garbage-first heap   total 192512K, used 63115K [0x00000006c1c00000, 0x0000000800000000)
  region size 4096K, 3 young (12288K), 3 survivors (12288K)
 Metaspace       used 60528K, committed 60864K, reserved 1114112K
  class space    used 6966K, committed 7104K, reserved 1048576K
}
Event: 10.176 GC heap before
{Heap before GC invocations=13 (full 0):
 garbage-first heap   total 192512K, used 95883K [0x00000006c1c00000, 0x0000000800000000)
  region size 4096K, 12 young (49152K), 3 survivors (12288K)
 Metaspace       used 60840K, committed 61120K, reserved 1114112K
  class space    used 6975K, committed 7104K, reserved 1048576K
}
Event: 10.210 GC heap after
{Heap after GC invocations=14 (full 0):
 garbage-first heap   total 192512K, used 71603K [0x00000006c1c00000, 0x0000000800000000)
  region size 4096K, 3 young (12288K), 3 survivors (12288K)
 Metaspace       used 60840K, committed 61120K, reserved 1114112K
  class space    used 6975K, committed 7104K, reserved 1048576K
}
Event: 12.249 GC heap before
{Heap before GC invocations=15 (full 0):
 garbage-first heap   total 192512K, used 137139K [0x00000006c1c00000, 0x0000000800000000)
  region size 4096K, 19 young (77824K), 3 survivors (12288K)
 Metaspace       used 64382K, committed 64768K, reserved 1114112K
  class space    used 7292K, committed 7424K, reserved 1048576K
}
Event: 12.289 GC heap after
{Heap after GC invocations=16 (full 0):
 garbage-first heap   total 192512K, used 82928K [0x00000006c1c00000, 0x0000000800000000)
  region size 4096K, 3 young (12288K), 3 survivors (12288K)
 Metaspace       used 64382K, committed 64768K, reserved 1114112K
  class space    used 7292K, committed 7424K, reserved 1048576K
}
Event: 14.559 GC heap before
{Heap before GC invocations=16 (full 0):
 garbage-first heap   total 192512K, used 148464K [0x00000006c1c00000, 0x0000000800000000)
  region size 4096K, 19 young (77824K), 3 survivors (12288K)
 Metaspace       used 71763K, committed 72064K, reserved 1114112K
  class space    used 7942K, committed 8064K, reserved 1048576K
}

Dll operation events (3 events):
Event: 0.008 Loaded shared library C:\Program Files\Android\Android Studio\jbr\bin\java.dll
Event: 0.017 Loaded shared library C:\Program Files\Android\Android Studio\jbr\bin\zip.dll
Event: 2.089 Loaded shared library C:\Program Files\Android\Android Studio\jbr\bin\verify.dll

Deoptimization events (20 events):
Event: 14.463 Thread 0x000002957533a770 Uncommon trap: trap_request=0xffffffde fr.pc=0x0000029507e7c820 relative=0x0000000000000aa0
Event: 14.463 Thread 0x000002957533a770 Uncommon trap: reason=class_check action=maybe_recompile pc=0x0000029507e7c820 method=org.jetbrains.kotlin.types.model.TypeSystemContext.typeConstructor(Lorg/jetbrains/kotlin/types/model/KotlinTypeMarker;)Lorg/jetbrains/kotlin/types/model/TypeConstructorM
Event: 14.463 Thread 0x000002957533a770 DEOPT PACKING pc=0x0000029507e7c820 sp=0x000000ad6b7fd5a0
Event: 14.463 Thread 0x000002957533a770 DEOPT UNPACKING pc=0x00000295075846a2 sp=0x000000ad6b7fd590 mode 2
Event: 14.463 Thread 0x000002957533a770 Uncommon trap: trap_request=0xffffffde fr.pc=0x0000029507e7c820 relative=0x0000000000000aa0
Event: 14.463 Thread 0x000002957533a770 Uncommon trap: reason=class_check action=maybe_recompile pc=0x0000029507e7c820 method=org.jetbrains.kotlin.types.model.TypeSystemContext.typeConstructor(Lorg/jetbrains/kotlin/types/model/KotlinTypeMarker;)Lorg/jetbrains/kotlin/types/model/TypeConstructorM
Event: 14.463 Thread 0x000002957533a770 DEOPT PACKING pc=0x0000029507e7c820 sp=0x000000ad6b7fd5a0
Event: 14.463 Thread 0x000002957533a770 DEOPT UNPACKING pc=0x00000295075846a2 sp=0x000000ad6b7fd590 mode 2
Event: 14.463 Thread 0x000002957533a770 Uncommon trap: trap_request=0xffffffde fr.pc=0x0000029507edd2ec relative=0x000000000000082c
Event: 14.463 Thread 0x000002957533a770 Uncommon trap: reason=class_check action=maybe_recompile pc=0x0000029507edd2ec method=org.jetbrains.kotlin.types.model.TypeSystemContext.lowerBoundIfFlexible(Lorg/jetbrains/kotlin/types/model/KotlinTypeMarker;)Lorg/jetbrains/kotlin/types/model/RigidTypeMa
Event: 14.463 Thread 0x000002957533a770 DEOPT PACKING pc=0x0000029507edd2ec sp=0x000000ad6b7fd500
Event: 14.464 Thread 0x000002957533a770 DEOPT UNPACKING pc=0x00000295075846a2 sp=0x000000ad6b7fd4d8 mode 2
Event: 14.464 Thread 0x000002957533a770 Uncommon trap: trap_request=0xffffffde fr.pc=0x0000029507edd2ec relative=0x000000000000082c
Event: 14.464 Thread 0x000002957533a770 Uncommon trap: reason=class_check action=maybe_recompile pc=0x0000029507edd2ec method=org.jetbrains.kotlin.types.model.TypeSystemContext.lowerBoundIfFlexible(Lorg/jetbrains/kotlin/types/model/KotlinTypeMarker;)Lorg/jetbrains/kotlin/types/model/RigidTypeMa
Event: 14.464 Thread 0x000002957533a770 DEOPT PACKING pc=0x0000029507edd2ec sp=0x000000ad6b7fd500
Event: 14.464 Thread 0x000002957533a770 DEOPT UNPACKING pc=0x00000295075846a2 sp=0x000000ad6b7fd4d8 mode 2
Event: 14.464 Thread 0x000002957533a770 Uncommon trap: trap_request=0xffffffde fr.pc=0x0000029507edd2ec relative=0x000000000000082c
Event: 14.464 Thread 0x000002957533a770 Uncommon trap: reason=class_check action=maybe_recompile pc=0x0000029507edd2ec method=org.jetbrains.kotlin.types.model.TypeSystemContext.lowerBoundIfFlexible(Lorg/jetbrains/kotlin/types/model/KotlinTypeMarker;)Lorg/jetbrains/kotlin/types/model/RigidTypeMa
Event: 14.464 Thread 0x000002957533a770 DEOPT PACKING pc=0x0000029507edd2ec sp=0x000000ad6b7fd5b0
Event: 14.464 Thread 0x000002957533a770 DEOPT UNPACKING pc=0x00000295075846a2 sp=0x000000ad6b7fd598 mode 2

Classes loaded (20 events):
Event: 12.654 Loading class java/util/ServiceLoader$LazyClassPathLookupIterator
Event: 12.654 Loading class java/util/ServiceLoader$LazyClassPathLookupIterator done
Event: 12.654 Loading class java/util/ServiceLoader$2
Event: 12.654 Loading class java/util/ServiceLoader$2 done
Event: 12.654 Loading class java/util/ServiceLoader$3
Event: 12.654 Loading class java/util/ServiceLoader$3 done
Event: 12.655 Loading class java/util/Collections$EmptyEnumeration
Event: 12.655 Loading class java/util/Collections$EmptyEnumeration done
Event: 12.655 Loading class jdk/internal/loader/BuiltinClassLoader$1
Event: 12.655 Loading class jdk/internal/loader/BuiltinClassLoader$1 done
Event: 12.655 Loading class java/lang/CompoundEnumeration
Event: 12.655 Loading class java/lang/CompoundEnumeration done
Event: 12.655 Loading class jdk/internal/loader/URLClassPath$1
Event: 12.655 Loading class jdk/internal/loader/URLClassPath$1 done
Event: 12.657 Loading class java/util/ServiceLoader$1
Event: 12.657 Loading class java/util/ServiceLoader$1 done
Event: 12.657 Loading class java/util/ServiceLoader$ProviderImpl
Event: 12.658 Loading class java/util/ServiceLoader$Provider
Event: 12.658 Loading class java/util/ServiceLoader$Provider done
Event: 12.658 Loading class java/util/ServiceLoader$ProviderImpl done

Classes unloaded (0 events):
No events

Classes redefined (0 events):
No events

Internal exceptions (20 events):
Event: 7.170 Thread 0x000002957533a770 Exception <a 'java/lang/NoSuchMethodError'{0x00000006c786a418}: 'java.lang.Object java.lang.invoke.DirectMethodHandle$Holder.newInvokeSpecial(java.lang.Object, java.lang.Object, java.lang.Object, java.lang.Object, int, java.lang.Object, java.lang.Object)'> (0x00000006c786a418) 
thrown [s\src\hotspot\share\interpreter\linkResolver.cpp, line 784]
Event: 7.171 Thread 0x000002957533a770 Exception <a 'java/lang/NoSuchMethodError'{0x00000006c78725f8}: 'java.lang.Object java.lang.invoke.Invokers$Holder.linkToTargetMethod(java.lang.Object, java.lang.Object, java.lang.Object, int, java.lang.Object, java.lang.Object, java.lang.Object)'> (0x00000006c78725f8) 
thrown [s\src\hotspot\share\interpreter\linkResolver.cpp, line 784]
Event: 7.650 Thread 0x000002957533a770 Exception <a 'java/lang/NoSuchMethodError'{0x00000006ccf369f8}: 'java.lang.Object java.lang.invoke.DirectMethodHandle$Holder.invokeSpecial(java.lang.Object, java.lang.Object, int, java.lang.Object, java.lang.Object)'> (0x00000006ccf369f8) 
thrown [s\src\hotspot\share\interpreter\linkResolver.cpp, line 784]
Event: 7.892 Thread 0x000002957533a770 Exception <a 'java/lang/NoSuchMethodError'{0x00000006ccbbe648}: 'java.lang.Object java.lang.invoke.DirectMethodHandle$Holder.newInvokeSpecial(java.lang.Object, java.lang.Object, java.lang.Object, java.lang.Object, java.lang.Object, java.lang.Object, java.lang.Object, java.lang.Object, java.lang.Object)'> (0x00000006ccbbe648) 
thrown [s\src\hotspot\share\interpreter\linkResolver.cpp, line 784]
Event: 7.907 Thread 0x000002957533a770 Exception <a 'java/lang/NoSuchMethodError'{0x00000006ccbffbe0}: 'java.lang.Object java.lang.invoke.DirectMethodHandle$Holder.invokeStatic(java.lang.Object, int, java.lang.Object, java.lang.Object)'> (0x00000006ccbffbe0) 
thrown [s\src\hotspot\share\interpreter\linkResolver.cpp, line 784]
Event: 8.109 Thread 0x000002957533a770 Exception <a 'java/lang/NoSuchMethodError'{0x00000006cc0b9d10}: 'java.lang.Object java.lang.invoke.DirectMethodHandle$Holder.newInvokeSpecial(java.lang.Object, java.lang.Object, java.lang.Object, java.lang.Object, java.lang.Object, int)'> (0x00000006cc0b9d10) 
thrown [s\src\hotspot\share\interpreter\linkResolver.cpp, line 784]
Event: 8.109 Thread 0x000002957533a770 Exception <a 'java/lang/NoSuchMethodError'{0x00000006cc0be9e8}: 'java.lang.Object java.lang.invoke.DirectMethodHandle$Holder.invokeSpecial(java.lang.Object, java.lang.Object, java.lang.Object, java.lang.Object, java.lang.Object, java.lang.Object, int)'> (0x00000006cc0be9e8) 
thrown [s\src\hotspot\share\interpreter\linkResolver.cpp, line 784]
Event: 8.110 Thread 0x000002957533a770 Exception <a 'java/lang/NoSuchMethodError'{0x00000006cc0c3030}: 'java.lang.Object java.lang.invoke.Invokers$Holder.linkToTargetMethod(java.lang.Object, java.lang.Object, java.lang.Object, java.lang.Object, int, java.lang.Object)'> (0x00000006cc0c3030) 
thrown [s\src\hotspot\share\interpreter\linkResolver.cpp, line 784]
Event: 8.457 Thread 0x000002957533a770 Exception <a 'java/lang/NoSuchMethodError'{0x00000006cb844758}: 'java.lang.Object java.lang.invoke.Invokers$Holder.invokeExact_MT(java.lang.Object, java.lang.Object, long, java.lang.Object)'> (0x00000006cb844758) 
thrown [s\src\hotspot\share\interpreter\linkResolver.cpp, line 784]
Event: 8.672 Thread 0x000002957533a770 Exception <a 'java/lang/NoSuchMethodError'{0x00000006cb5b29a8}: 'java.lang.Object java.lang.invoke.DirectMethodHandle$Holder.invokeStatic(java.lang.Object, java.lang.Object, java.lang.Object, int, java.lang.Object, java.lang.Object)'> (0x00000006cb5b29a8) 
thrown [s\src\hotspot\share\interpreter\linkResolver.cpp, line 784]
Event: 8.793 Thread 0x000002957533a770 Exception <a 'java/lang/NoSuchMethodError'{0x00000006cb36d7c8}: 'java.lang.Object java.lang.invoke.DirectMethodHandle$Holder.invokeStatic(java.lang.Object, int, java.lang.Object)'> (0x00000006cb36d7c8) 
thrown [s\src\hotspot\share\interpreter\linkResolver.cpp, line 784]
Event: 10.956 Thread 0x000002957533a770 Implicit null exception at 0x0000029507cccce9 to 0x0000029507cccebc
Event: 11.623 Thread 0x000002957533a770 Exception <a 'java/lang/NoSuchMethodError'{0x00000006ca24b0f0}: 'java.lang.Object java.lang.invoke.DirectMethodHandle$Holder.invokeSpecial(java.lang.Object, java.lang.Object, java.lang.Object, int, java.lang.Object, java.lang.Object, java.lang.Object)'> (0x00000006ca24b0f0) 
thrown [s\src\hotspot\share\interpreter\linkResolver.cpp, line 784]
Event: 11.623 Thread 0x000002957533a770 Exception <a 'java/lang/NoSuchMethodError'{0x00000006ca24e768}: 'java.lang.Object java.lang.invoke.Invokers$Holder.linkToTargetMethod(java.lang.Object, int, java.lang.Object, java.lang.Object, java.lang.Object, java.lang.Object)'> (0x00000006ca24e768) 
thrown [s\src\hotspot\share\interpreter\linkResolver.cpp, line 784]
Event: 12.740 Thread 0x000002957533a770 Implicit null exception at 0x0000029507b0dfa0 to 0x0000029507b0e67c
Event: 12.743 Thread 0x000002957533a770 Implicit null exception at 0x0000029507b136a0 to 0x0000029507b13d68
Event: 13.070 Thread 0x000002957533a770 Exception <a 'java/lang/NoSuchMethodError'{0x00000006cbf42208}: 'java.lang.Object java.lang.invoke.DirectMethodHandle$Holder.newInvokeSpecial(java.lang.Object, java.lang.Object, java.lang.Object, java.lang.Object, java.lang.Object, java.lang.Object, java.lang.Object, java.lang.Object, int)'> (0x00000006cbf42208) 
thrown [s\src\hotspot\share\interpreter\linkResolver.cpp, line 784]
Event: 13.071 Thread 0x000002957533a770 Exception <a 'java/lang/NoSuchMethodError'{0x00000006cbf46f88}: 'java.lang.Object java.lang.invoke.DirectMethodHandle$Holder.invokeSpecial(java.lang.Object, java.lang.Object, java.lang.Object, java.lang.Object, java.lang.Object, java.lang.Object, java.lang.Object, java.lang.Object, java.lang.Object, int)'> (0x00000006cbf46f88) 
thrown [s\src\hotspot\share\interpreter\linkResolver.cpp, line 784]
Event: 13.095 Thread 0x000002957533a770 Exception <a 'java/lang/NoSuchMethodError'{0x00000006cb801440}: 'java.lang.Object java.lang.invoke.DirectMethodHandle$Holder.newInvokeSpecial(java.lang.Object, java.lang.Object, java.lang.Object, java.lang.Object, java.lang.Object, java.lang.Object, java.lang.Object, int)'> (0x00000006cb801440) 
thrown [s\src\hotspot\share\interpreter\linkResolver.cpp, line 784]
Event: 13.095 Thread 0x000002957533a770 Exception <a 'java/lang/NoSuchMethodError'{0x00000006cb805ad8}: 'java.lang.Object java.lang.invoke.DirectMethodHandle$Holder.invokeSpecial(java.lang.Object, java.lang.Object, java.lang.Object, java.lang.Object, java.lang.Object, java.lang.Object, java.lang.Object, java.lang.Object, int)'> (0x00000006cb805ad8) 
thrown [s\src\hotspot\share\interpreter\linkResolver.cpp, line 784]

ZGC Phase Switch (0 events):
No events

VM Operations (20 events):
Event: 12.415 Executing VM operation: HandshakeAllThreads (Deoptimize) done
Event: 12.479 Executing VM operation: HandshakeAllThreads (Deoptimize)
Event: 12.479 Executing VM operation: HandshakeAllThreads (Deoptimize) done
Event: 12.715 Executing VM operation: HandshakeAllThreads (Deoptimize)
Event: 12.715 Executing VM operation: HandshakeAllThreads (Deoptimize) done
Event: 12.773 Executing VM operation: HandshakeAllThreads (Deoptimize)
Event: 12.773 Executing VM operation: HandshakeAllThreads (Deoptimize) done
Event: 12.777 Executing VM operation: HandshakeAllThreads (Deoptimize)
Event: 12.778 Executing VM operation: HandshakeAllThreads (Deoptimize) done
Event: 12.924 Executing VM operation: HandshakeAllThreads (Deoptimize)
Event: 12.924 Executing VM operation: HandshakeAllThreads (Deoptimize) done
Event: 12.964 Executing VM operation: ICBufferFull
Event: 12.965 Executing VM operation: ICBufferFull done
Event: 13.419 Executing VM operation: ICBufferFull
Event: 13.420 Executing VM operation: ICBufferFull done
Event: 13.837 Executing VM operation: ICBufferFull
Event: 13.837 Executing VM operation: ICBufferFull done
Event: 14.367 Executing VM operation: ICBufferFull
Event: 14.367 Executing VM operation: ICBufferFull done
Event: 14.559 Executing VM operation: G1CollectForAllocation (G1 Evacuation Pause)

Memory protections (0 events):
No events

Nmethod flushes (20 events):
Event: 10.366 Thread 0x000002957e875920 flushing  nmethod 0x000002950009f590
Event: 10.366 Thread 0x000002957e875920 flushing  nmethod 0x00000295000a5e90
Event: 10.366 Thread 0x000002957e875920 flushing  nmethod 0x00000295000c4090
Event: 10.366 Thread 0x000002957e875920 flushing  nmethod 0x00000295000c5f10
Event: 10.366 Thread 0x000002957e875920 flushing  nmethod 0x00000295000fa690
Event: 10.366 Thread 0x000002957e875920 flushing  nmethod 0x0000029500104890
Event: 10.366 Thread 0x000002957e875920 flushing  nmethod 0x000002950011cf10
Event: 10.366 Thread 0x000002957e875920 flushing  nmethod 0x0000029500186310
Event: 10.366 Thread 0x000002957e875920 flushing  nmethod 0x00000295001ae810
Event: 10.366 Thread 0x000002957e875920 flushing  nmethod 0x0000029500214510
Event: 10.366 Thread 0x000002957e875920 flushing  nmethod 0x0000029500247990
Event: 10.366 Thread 0x000002957e875920 flushing  nmethod 0x0000029500248810
Event: 10.366 Thread 0x000002957e875920 flushing  nmethod 0x0000029500249b10
Event: 10.366 Thread 0x000002957e875920 flushing  nmethod 0x000002950024a190
Event: 10.366 Thread 0x000002957e875920 flushing  nmethod 0x000002950024ac10
Event: 10.366 Thread 0x000002957e875920 flushing  nmethod 0x000002950024b090
Event: 10.366 Thread 0x000002957e875920 flushing  nmethod 0x000002950024c190
Event: 10.366 Thread 0x000002957e875920 flushing  nmethod 0x00000295002b4e10
Event: 10.366 Thread 0x000002957e875920 flushing  nmethod 0x00000295002b8710
Event: 10.366 Thread 0x000002957e875920 flushing  nmethod 0x00000295002b8b10

Events (20 events):
Event: 0.100 Thread 0x000002957533a770 Thread added: 0x000002951803a600
Event: 0.100 Thread 0x000002957533a770 Thread added: 0x000002951803b9a0
Event: 0.100 Thread 0x000002957533a770 Thread added: 0x0000029518063da0
Event: 0.168 Thread 0x000002957533a770 Thread added: 0x00000295181f7140
Event: 0.179 Thread 0x000002957533a770 Thread added: 0x00000295181f7960
Event: 0.195 Loaded shared library C:\Program Files\Android\Android Studio\jbr\bin\net.dll
Event: 0.197 Loaded shared library C:\Program Files\Android\Android Studio\jbr\bin\nio.dll
Event: 0.227 Thread 0x000002951803b9a0 Thread added: 0x0000029518273e10
Event: 0.256 Loaded shared library C:\Program Files\Android\Android Studio\jbr\bin\zip.dll
Event: 0.312 Loaded shared library C:\Program Files\Android\Android Studio\jbr\bin\jimage.dll
Event: 0.556 Thread 0x000002951803b9a0 Thread added: 0x0000029518500330
Event: 0.834 Thread 0x0000029518500330 Thread exited: 0x0000029518500330
Event: 0.938 Thread 0x0000029518273e10 Thread exited: 0x0000029518273e10
Event: 2.313 Thread 0x0000029518063da0 Thread added: 0x000002951959b0d0
Event: 2.379 Thread 0x0000029518063da0 Thread added: 0x0000029519599ce0
Event: 3.164 Thread 0x0000029519599ce0 Thread exited: 0x0000029519599ce0
Event: 4.501 Thread 0x0000029518063da0 Thread added: 0x000002951b97e820
Event: 8.459 Thread 0x000002951b97e820 Thread exited: 0x000002951b97e820
Event: 13.068 Thread 0x000002951959b0d0 Thread exited: 0x000002951959b0d0
Event: 13.363 Thread 0x000002951803b9a0 Thread added: 0x000002951ced49d0


Dynamic libraries:
0x00007ff644380000 - 0x00007ff64438a000 	C:\Program Files\Android\Android Studio\jbr\bin\java.exe
0x00007ffd3ee50000 - 0x00007ffd3f046000 	C:\Windows\SYSTEM32\ntdll.dll
0x00007ffd3db40000 - 0x00007ffd3dbfd000 	C:\Windows\System32\KERNEL32.DLL
0x00007ffd3c9f0000 - 0x00007ffd3ccb8000 	C:\Windows\System32\KERNELBASE.dll
0x00007ffd3c8a0000 - 0x00007ffd3c9a0000 	C:\Windows\System32\ucrtbase.dll
0x00007ffd23990000 - 0x00007ffd239a8000 	C:\Program Files\Android\Android Studio\jbr\bin\jli.dll
0x00007ffd2bf60000 - 0x00007ffd2bf7b000 	C:\Program Files\Android\Android Studio\jbr\bin\VCRUNTIME140.dll
0x00007ffd3d570000 - 0x00007ffd3d710000 	C:\Windows\System32\USER32.dll
0x00007ffd3ce30000 - 0x00007ffd3ce52000 	C:\Windows\System32\win32u.dll
0x00007ffd2a8a0000 - 0x00007ffd2ab3b000 	C:\Windows\WinSxS\amd64_microsoft.windows.common-controls_6595b64144ccf1df_6.0.19041.488_none_ca04af081b815d21\COMCTL32.dll
0x00007ffd3dc20000 - 0x00007ffd3dc4a000 	C:\Windows\System32\GDI32.dll
0x00007ffd3e860000 - 0x00007ffd3e8fe000 	C:\Windows\System32\msvcrt.dll
0x00007ffd3ccc0000 - 0x00007ffd3cdc9000 	C:\Windows\System32\gdi32full.dll
0x00007ffd3ce60000 - 0x00007ffd3cefd000 	C:\Windows\System32\msvcp_win.dll
0x00007ffd3dd70000 - 0x00007ffd3dda0000 	C:\Windows\System32\IMM32.DLL
0x00007ffd379e0000 - 0x00007ffd379ec000 	C:\Program Files\Android\Android Studio\jbr\bin\vcruntime140_1.dll
0x00007ffcf2e30000 - 0x00007ffcf2ebd000 	C:\Program Files\Android\Android Studio\jbr\bin\msvcp140.dll
0x00007ffcddbc0000 - 0x00007ffcde84b000 	C:\Program Files\Android\Android Studio\jbr\bin\server\jvm.dll
0x00007ffd3dcc0000 - 0x00007ffd3dd6a000 	C:\Windows\System32\ADVAPI32.dll
0x00007ffd3d8c0000 - 0x00007ffd3d95b000 	C:\Windows\System32\sechost.dll
0x00007ffd3d440000 - 0x00007ffd3d564000 	C:\Windows\System32\RPCRT4.dll
0x00007ffd3dc50000 - 0x00007ffd3dcbb000 	C:\Windows\System32\WS2_32.dll
0x00007ffd3bb90000 - 0x00007ffd3bbdb000 	C:\Windows\SYSTEM32\POWRPROF.dll
0x00007ffd2c5e0000 - 0x00007ffd2c5ea000 	C:\Windows\SYSTEM32\VERSION.dll
0x00007ffd2af80000 - 0x00007ffd2afa7000 	C:\Windows\SYSTEM32\WINMM.dll
0x00007ffd3ba50000 - 0x00007ffd3ba62000 	C:\Windows\SYSTEM32\UMPDC.dll
0x00007ffd3a550000 - 0x00007ffd3a562000 	C:\Windows\SYSTEM32\kernel.appcore.dll
0x00007ffd35e60000 - 0x00007ffd35e6a000 	C:\Program Files\Android\Android Studio\jbr\bin\jimage.dll
0x00007ffd2ad80000 - 0x00007ffd2af64000 	C:\Windows\SYSTEM32\DBGHELP.DLL
0x00007ffd257e0000 - 0x00007ffd2580c000 	C:\Windows\SYSTEM32\dbgcore.DLL
0x00007ffd3c770000 - 0x00007ffd3c7ef000 	C:\Windows\System32\bcryptPrimitives.dll
0x00007ffd23880000 - 0x00007ffd238a0000 	C:\Program Files\Android\Android Studio\jbr\bin\java.dll
0x00007ffd228b0000 - 0x00007ffd228c8000 	C:\Program Files\Android\Android Studio\jbr\bin\zip.dll
0x00007ffd3e0c0000 - 0x00007ffd3e800000 	C:\Windows\System32\SHELL32.dll
0x00007ffd3a750000 - 0x00007ffd3aee4000 	C:\Windows\SYSTEM32\windows.storage.dll
0x00007ffd3d080000 - 0x00007ffd3d3d5000 	C:\Windows\System32\combase.dll
0x00007ffd3c050000 - 0x00007ffd3c07c000 	C:\Windows\SYSTEM32\Wldp.dll
0x00007ffd3d960000 - 0x00007ffd3da0e000 	C:\Windows\System32\SHCORE.dll
0x00007ffd3e800000 - 0x00007ffd3e855000 	C:\Windows\System32\shlwapi.dll
0x00007ffd3c510000 - 0x00007ffd3c536000 	C:\Windows\SYSTEM32\profapi.dll
0x00007ffd3a050000 - 0x00007ffd3a060000 	C:\Program Files\Android\Android Studio\jbr\bin\net.dll
0x00007ffd338d0000 - 0x00007ffd339d0000 	C:\Windows\SYSTEM32\WINHTTP.dll
0x00007ffd3bdd0000 - 0x00007ffd3be3a000 	C:\Windows\system32\mswsock.dll
0x00007ffd22530000 - 0x00007ffd22546000 	C:\Program Files\Android\Android Studio\jbr\bin\nio.dll
0x00007ffd23980000 - 0x00007ffd23990000 	C:\Program Files\Android\Android Studio\jbr\bin\verify.dll

dbghelp: loaded successfully - version: 4.0.5 - missing functions: none
symbol engine: initialized successfully - sym options: 0x614 - pdb path: .;C:\Program Files\Android\Android Studio\jbr\bin;C:\Windows\SYSTEM32;C:\Windows\WinSxS\amd64_microsoft.windows.common-controls_6595b64144ccf1df_6.0.19041.488_none_ca04af081b815d21;C:\Program Files\Android\Android Studio\jbr\bin\server

VM Arguments:
java_command: org.jetbrains.kotlin.cli.jvm.K2JVMCompiler @C:\Users\Mohammad\AndroidStudioProjects\MyApplication7\app\build\20250625_17956313343606793189.compiler.options
java_class_path (initial): C:\Users\Mohammad\.gradle\caches\modules-2\files-2.1\org.jetbrains.kotlin\kotlin-compiler-embeddable\2.1.0\988bf980588bbbcfa1ba19c1ffd7aa869b335a31\kotlin-compiler-embeddable-2.1.0.jar;C:\Users\Mohammad\.gradle\caches\modules-2\files-2.1\org.jetbrains.kotlin\kotlin-stdlib\2.1.0\85f8b81009cda5890e54ba67d64b5e599c645020\kotlin-stdlib-2.1.0.jar;C:\Users\Mohammad\.gradle\caches\modules-2\files-2.1\org.jetbrains.kotlin\kotlin-script-runtime\2.1.0\5909da8c57b75a117714ab0e348c86101b7a3284\kotlin-script-runtime-2.1.0.jar;C:\Users\Mohammad\.gradle\caches\modules-2\files-2.1\org.jetbrains.kotlin\kotlin-reflect\1.6.10\1cbe9c92c12a94eea200d23c2bbaedaf3daf5132\kotlin-reflect-1.6.10.jar;C:\Users\Mohammad\.gradle\caches\modules-2\files-2.1\org.jetbrains.kotlin\kotlin-daemon-embeddable\2.1.0\420bae1908e4a353f5b56c3c850d24d86367b25d\kotlin-daemon-embeddable-2.1.0.jar;C:\Users\Mohammad\.gradle\caches\modules-2\files-2.1\org.jetbrains.intellij.deps\trove4j\1.0.20200330\3afb14d5f9ceb459d724e907a21145e8ff394f02\trove4j-1.0.20200330.jar;C:\Users\Mohammad\.gradle\caches\modules-2\files-2.1\org.jetbrains.kotlinx\kotlinx-coroutines-core-jvm\1.6.4\2c997cd1c0ef33f3e751d3831929aeff1390cb30\kotlinx-coroutines-core-jvm-1.6.4.jar;C:\Users\Mohammad\.gradle\caches\modules-2\files-2.1\org.jetbrains\annotations\13.0\919f0dfe192fb4e063e7dacadee7f8bb9a2672a9\annotations-13.0.jar
Launcher Type: SUN_STANDARD

[Global flags]
     intx CICompilerCount                          = 4                                         {product} {ergonomic}
     uint ConcGCThreads                            = 2                                         {product} {ergonomic}
     uint G1ConcRefinementThreads                  = 8                                         {product} {ergonomic}
   size_t G1HeapRegionSize                         = 4194304                                   {product} {ergonomic}
    uintx GCDrainStackTargetSize                   = 64                                        {product} {ergonomic}
   size_t InitialHeapSize                          = 335544320                                 {product} {ergonomic}
   size_t MarkStackSize                            = 4194304                                   {product} {ergonomic}
   size_t MaxHeapSize                              = 5339348992                                {product} {ergonomic}
   size_t MaxNewSize                               = 3200253952                                {product} {ergonomic}
   size_t MinHeapDeltaBytes                        = 4194304                                   {product} {ergonomic}
   size_t MinHeapSize                              = 8388608                                   {product} {ergonomic}
    uintx NonNMethodCodeHeapSize                   = 5839372                                {pd product} {ergonomic}
    uintx NonProfiledCodeHeapSize                  = 122909434                              {pd product} {ergonomic}
    uintx ProfiledCodeHeapSize                     = 122909434                              {pd product} {ergonomic}
    uintx ReservedCodeCacheSize                    = 251658240                              {pd product} {ergonomic}
     bool SegmentedCodeCache                       = true                                      {product} {ergonomic}
   size_t SoftMaxHeapSize                          = 5339348992                             {manageable} {ergonomic}
     bool UseCompressedOops                        = true                           {product lp64_product} {ergonomic}
     bool UseG1GC                                  = true                                      {product} {ergonomic}
     bool UseLargePagesIndividualAllocation        = false                                  {pd product} {ergonomic}

Logging:
Log output configuration:
 #0: stdout all=warning uptime,level,tags foldmultilines=false
 #1: stderr all=off uptime,level,tags foldmultilines=false

Environment Variables:
JAVA_HOME=C:\Program Files\Java\jdk-17
PATH=C:\Ruby34-x64\bin;C:\Program Files (x86)\VMware\VMware Workstation\bin\;C:\Program Files\Common Files\Oracle\Java\javapath;C:\Windows\system32;C:\Windows;C:\Windows\System32\Wbem;C:\Windows\System32\WindowsPowerShell\v1.0\;C:\Program Files (x86)\Common Files\Ulead Systems\MPEG;C:\Program Files\dotnet\;C:\Program Files\nodejs\;C:\ProgramData\chocolatey\bin;C:\Program Files\Amazon\AWSCLIV2\;C:\Program Files\Git\cmd;C:\Program Files (x86)\VMware\VMware Workstation\bin\;C:\Program Files\Common Files\Oracle\Java\javapath;C:\Windows\system32;C:\Windows;C:\Windows\System32\Wbem;C:\Windows\System32\WindowsPowerShell\v1.0\;C:\Program Files\Git\cmd;C:\Program Files (x86)\Common Files\Ulead Systems\MPEG;C:\Program Files\dotnet\;C:\Program Files\nodejs\;C:\ProgramData\chocolatey\bin;C:\Program Files\Amazon\AWSCLIV2\;C:\Program Files (x86)\VMware\VMware Workstation\bin\;C:\Program Files\Common Files\Oracle\Java\javapath;C:\Windows\system32;C:\Windows;C:\Windows\System32\Wbem;C:\Windows\System32\WindowsPowerShell\v1.0\;C:\Program Files\Git\cmd;C:\Program Files (x86)\Common Files\Ulead Systems\MPEG;C:\Program Files\dotnet\;C:\Program Files\nodejs\;C:\ProgramData\chocolatey\bin;C:\Program Files\Amazon\AWSCLIV2\;C:\Users\Mohammad\AppData\Local\Programs\Python\Python313\Scripts\;C:\Users\Mohammad\AppData\Local\Programs\Python\Python313\;C:\Users\Mohammad\AppData\Local\Programs\Python\Launcher\;C:\Users\Mohammad\AppData\Local\Microsoft\;C:\Program Files\OpenSSL-Win64\bin;C:\flutter\bin;C:\Users\Mohammad\AppData\Roaming\Programs\Zero Install;C:\Users\Mohammad\AppData\Local\Pub\Cache\bin;C:\Users\Mohammad\AppData\Roaming\npm;C:\Program Files\Java\jdk-22\bin;C:\Users\Mohammad\AppData\Local\Programs\Microsoft VS Code\bin;C:\kotlinc\bin;
USERNAME=Mohammad
OS=Windows_NT
PROCESSOR_IDENTIFIER=Intel64 Family 6 Model 142 Stepping 10, GenuineIntel
TMP=C:\Temp
TEMP=C:\Temp




Periodic native trim disabled

JNI global refs:
JNI global refs: 14, weak refs: 27

JNI global refs memory usage: 835, weak refs: 833

Process memory usage:
Resident Set Size: 409044K (1% of 20847592K total physical memory with 537684K free physical memory)

OOME stack traces (most recent first):
Classloader memory used:
Loader jdk.internal.loader.ClassLoaders$AppClassLoader                                 : 60261K
Loader bootstrap                                                                       : 11060K
Loader java.net.URLClassLoader                                                         : 422K
Loader jdk.internal.loader.ClassLoaders$PlatformClassLoader                            : 19376B

---------------  S Y S T E M  ---------------

OS:
 Windows 10 , 64 bit Build 19041 (10.0.19041.546)
OS uptime: 1 days 18:36 hours

CPU: total 8 (initial active 8) (4 cores per cpu, 2 threads per core) family 6 model 142 stepping 10 microcode 0xb4, cx8, cmov, fxsr, ht, mmx, 3dnowpref, sse, sse2, sse3, ssse3, sse4.1, sse4.2, popcnt, lzcnt, tsc, tscinvbit, avx, avx2, aes, erms, clmul, bmi1, bmi2, adx, fma, vzeroupper, clflush, clflushopt, rdtscp, f16c
Processor Information for the first 8 processors :
  Max Mhz: 1800, Current Mhz: 1600, Mhz Limit: 1584

Memory: 4k page, system-wide physical 20358M (525M free)
TotalPageFile size 32640M (AvailPageFile size 43M)
current process WorkingSet (physical memory assigned to process): 399M, peak: 407M
current process commit charge ("private bytes"): 428M, peak: 469M

vm_info: OpenJDK 64-Bit Server VM (21.0.6+-13368085-b895.109) for windows-amd64 JRE (21.0.6+-13368085-b895.109), built on 2025-04-16T17:01:31Z by "builder" with MS VC++ 16.10 / 16.11 (VS2019)

END.
