#
# There is insufficient memory for the Java Runtime Environment to continue.
# Native memory allocation (mmap) failed to map 335544320 bytes. Error detail: G1 virtual space
# Possible reasons:
#   The system is out of physical RAM or swap space
#   This process is running with CompressedOops enabled, and the Java Heap may be blocking the growth of the native heap
# Possible solutions:
#   Reduce memory load on the system
#   Increase physical memory or swap space
#   Check if swap backing store is full
#   Decrease Java heap size (-Xmx/-Xms)
#   Decrease number of Java threads
#   Decrease Java thread stack sizes (-Xss)
#   Set larger code cache with -XX:ReservedCodeCacheSize=
#   JVM is running with Zero Based Compressed Oops mode in which the Java heap is
#     placed in the first 32GB address space. The Java Heap base address is the
#     maximum limit for the native heap growth. Please use -XX:HeapBaseMinAddress
#     to set the Java Heap base and to place the Java Heap above 32GB virtual address.
# This output file may be truncated or incomplete.
#
#  Out of Memory Error (os_windows.cpp:3898), pid=13592, tid=16164
#
# JRE version:  (21.0.6) (build )
# Java VM: OpenJDK 64-Bit Server VM (21.0.6+-13368085-b895.109, mixed mode, sharing, tiered, compressed oops, compressed class ptrs, g1 gc, windows-amd64)
# No core dump will be written. Minidumps are not enabled by default on client versions of Windows
#

---------------  S U M M A R Y ------------

Command Line: org.jetbrains.kotlin.cli.jvm.K2JVMCompiler @C:\Users\Mohammad\AndroidStudioProjects\MyApplication7\app\build\20250625_12048161425765152922.compiler.options

Host: Intel(R) Core(TM) i5-8250U CPU @ 1.60GHz, 8 cores, 19G,  Windows 10 , 64 bit Build 19041 (10.0.19041.546)
Time: Wed Jun 25 13:01:37 2025 Greenwich Standard Time elapsed time: 0.014285 seconds (0d 0h 0m 0s)

---------------  T H R E A D  ---------------

Current thread (0x000001da114cd810):  JavaThread "Unknown thread" [_thread_in_vm, id=16164, stack(0x0000004b7de00000,0x0000004b7df00000) (1024K)]

Stack: [0x0000004b7de00000,0x0000004b7df00000]
Native frames: (J=compiled Java code, j=interpreted, Vv=VM code, C=native code)
V  [jvm.dll+0x6d0639]
V  [jvm.dll+0x85eb03]
V  [jvm.dll+0x86105e]
V  [jvm.dll+0x861743]
V  [jvm.dll+0x27e6e6]
V  [jvm.dll+0x6ccfd5]
V  [jvm.dll+0x6c0a8a]
V  [jvm.dll+0x35537b]
V  [jvm.dll+0x35cfd6]
V  [jvm.dll+0x3aef86]
V  [jvm.dll+0x3af258]
V  [jvm.dll+0x327a2c]
V  [jvm.dll+0x32871b]
V  [jvm.dll+0x826549]
V  [jvm.dll+0x3bc158]
V  [jvm.dll+0x80f7f8]
V  [jvm.dll+0x45035e]
V  [jvm.dll+0x451ac1]
C  [jli.dll+0x52ab]
C  [ucrtbase.dll+0x214c2]
C  [KERNEL32.DLL+0x17034]
C  [ntdll.dll+0x4cec1]


---------------  P R O C E S S  ---------------

Threads class SMR info:
_java_thread_list=0x00007ffcde701848, length=0, elements={
}

Java Threads: ( => current thread )
Total: 0

Other Threads:
  0x000001da11537090 WorkerThread "GC Thread#0"                     [id=14332, stack(0x0000004b7df00000,0x0000004b7e000000) (1024K)]
  0x000001da115420f0 ConcurrentGCThread "G1 Main Marker"            [id=15992, stack(0x0000004b7e000000,0x0000004b7e100000) (1024K)]
  0x000001da11545510 WorkerThread "G1 Conc#0"                       [id=16320, stack(0x0000004b7e100000,0x0000004b7e200000) (1024K)]

[error occurred during error reporting (printing all threads), id 0xc0000005, EXCEPTION_ACCESS_VIOLATION (0xc0000005) at pc=0x00007ffcddefaa87]
VM state: not at safepoint (not fully initialized)

VM Mutex/Monitor currently owned by a thread:  ([mutex/lock_event])
[0x00007ffcde76e4a0] Heap_lock - owner thread: 0x000001da114cd810

Heap address: 0x00000006c1c00000, size: 5092 MB, Compressed Oops mode: Zero based, Oop shift amount: 3

CDS archive(s) mapped at: [0x0000000000000000-0x0000000000000000-0x0000000000000000), size 0, SharedBaseAddress: 0x0000000800000000, ArchiveRelocationMode: 1.
Narrow klass base: 0x0000000000000000, Narrow klass shift: 0, Narrow klass range: 0x0

GC Precious Log:
 CardTable entry size: 512
 Card Set container configuration: InlinePtr #cards 4 size 8 Array Of Cards #cards 32 size 80 Howl #buckets 8 coarsen threshold 7372 Howl Bitmap #cards 1024 size 144 coarsen threshold 921 Card regions per heap region 1 cards per card region 8192

Heap:
 garbage-first heap   total 0K, used 0K [0x00000006c1c00000, 0x0000000800000000)
  region size 4096K, 0 young (0K), 0 survivors (0K)
 Metaspace       used 0K, committed 0K, reserved 0K
  class space    used 0K, committed 0K, reserved 0K

Heap Regions: E=young(eden), S=young(survivor), O=old, HS=humongous(starts), HC=humongous(continues), CS=collection set, F=free, TAMS=top-at-mark-start, PB=parsable bottom

Card table byte_map: [0x000001da24360000,0x000001da24d60000] _byte_map_base: 0x000001da20d52000

Marking Bits: (CMBitMap*) 0x000001da11537790
 Bits: [0x000001da24d60000, 0x000001da29cf0000)

GC Heap History (0 events):
No events

Dll operation events (1 events):
Event: 0.010 Loaded shared library C:\Program Files\Android\Android Studio\jbr\bin\java.dll

Deoptimization events (0 events):
No events

Classes loaded (0 events):
No events

Classes unloaded (0 events):
No events

Classes redefined (0 events):
No events

Internal exceptions (0 events):
No events

ZGC Phase Switch (0 events):
No events

VM Operations (0 events):
No events

Memory protections (0 events):
No events

Nmethod flushes (0 events):
No events

Events (0 events):
No events


Dynamic libraries:
0x00007ff644380000 - 0x00007ff64438a000 	C:\Program Files\Android\Android Studio\jbr\bin\java.exe
0x00007ffd3ee50000 - 0x00007ffd3f046000 	C:\Windows\SYSTEM32\ntdll.dll
0x00007ffd3db40000 - 0x00007ffd3dbfd000 	C:\Windows\System32\KERNEL32.DLL
0x00007ffd3c9f0000 - 0x00007ffd3ccb8000 	C:\Windows\System32\KERNELBASE.dll
0x00007ffd3c8a0000 - 0x00007ffd3c9a0000 	C:\Windows\System32\ucrtbase.dll
0x00007ffd23990000 - 0x00007ffd239a8000 	C:\Program Files\Android\Android Studio\jbr\bin\jli.dll
0x00007ffd3d570000 - 0x00007ffd3d710000 	C:\Windows\System32\USER32.dll
0x00007ffd3ce30000 - 0x00007ffd3ce52000 	C:\Windows\System32\win32u.dll
0x00007ffd3dc20000 - 0x00007ffd3dc4a000 	C:\Windows\System32\GDI32.dll
0x00007ffd3ccc0000 - 0x00007ffd3cdc9000 	C:\Windows\System32\gdi32full.dll
0x00007ffd3ce60000 - 0x00007ffd3cefd000 	C:\Windows\System32\msvcp_win.dll
0x00007ffd2bf60000 - 0x00007ffd2bf7b000 	C:\Program Files\Android\Android Studio\jbr\bin\VCRUNTIME140.dll
0x00007ffd2a8a0000 - 0x00007ffd2ab3b000 	C:\Windows\WinSxS\amd64_microsoft.windows.common-controls_6595b64144ccf1df_6.0.19041.488_none_ca04af081b815d21\COMCTL32.dll
0x00007ffd3e860000 - 0x00007ffd3e8fe000 	C:\Windows\System32\msvcrt.dll
0x00007ffd3dd70000 - 0x00007ffd3dda0000 	C:\Windows\System32\IMM32.DLL
0x00007ffd379e0000 - 0x00007ffd379ec000 	C:\Program Files\Android\Android Studio\jbr\bin\vcruntime140_1.dll
0x00007ffcf2e30000 - 0x00007ffcf2ebd000 	C:\Program Files\Android\Android Studio\jbr\bin\msvcp140.dll
0x00007ffcddbc0000 - 0x00007ffcde84b000 	C:\Program Files\Android\Android Studio\jbr\bin\server\jvm.dll
0x00007ffd3dcc0000 - 0x00007ffd3dd6a000 	C:\Windows\System32\ADVAPI32.dll
0x00007ffd3d8c0000 - 0x00007ffd3d95b000 	C:\Windows\System32\sechost.dll
0x00007ffd3d440000 - 0x00007ffd3d564000 	C:\Windows\System32\RPCRT4.dll
0x00007ffd3dc50000 - 0x00007ffd3dcbb000 	C:\Windows\System32\WS2_32.dll
0x00007ffd3bb90000 - 0x00007ffd3bbdb000 	C:\Windows\SYSTEM32\POWRPROF.dll
0x00007ffd2af80000 - 0x00007ffd2afa7000 	C:\Windows\SYSTEM32\WINMM.dll
0x00007ffd2c5e0000 - 0x00007ffd2c5ea000 	C:\Windows\SYSTEM32\VERSION.dll
0x00007ffd3ba50000 - 0x00007ffd3ba62000 	C:\Windows\SYSTEM32\UMPDC.dll
0x00007ffd3a550000 - 0x00007ffd3a562000 	C:\Windows\SYSTEM32\kernel.appcore.dll
0x00007ffd35e60000 - 0x00007ffd35e6a000 	C:\Program Files\Android\Android Studio\jbr\bin\jimage.dll
0x00007ffd2ad80000 - 0x00007ffd2af64000 	C:\Windows\SYSTEM32\DBGHELP.DLL
0x00007ffd257e0000 - 0x00007ffd2580c000 	C:\Windows\SYSTEM32\dbgcore.DLL
0x00007ffd3c770000 - 0x00007ffd3c7ef000 	C:\Windows\System32\bcryptPrimitives.dll
0x00007ffd23880000 - 0x00007ffd238a0000 	C:\Program Files\Android\Android Studio\jbr\bin\java.dll

dbghelp: loaded successfully - version: 4.0.5 - missing functions: none
symbol engine: initialized successfully - sym options: 0x614 - pdb path: .;C:\Program Files\Android\Android Studio\jbr\bin;C:\Windows\SYSTEM32;C:\Windows\WinSxS\amd64_microsoft.windows.common-controls_6595b64144ccf1df_6.0.19041.488_none_ca04af081b815d21;C:\Program Files\Android\Android Studio\jbr\bin\server

VM Arguments:
java_command: org.jetbrains.kotlin.cli.jvm.K2JVMCompiler @C:\Users\Mohammad\AndroidStudioProjects\MyApplication7\app\build\20250625_12048161425765152922.compiler.options
java_class_path (initial): C:\Users\Mohammad\.gradle\caches\modules-2\files-2.1\org.jetbrains.kotlin\kotlin-compiler-embeddable\2.1.0\988bf980588bbbcfa1ba19c1ffd7aa869b335a31\kotlin-compiler-embeddable-2.1.0.jar;C:\Users\Mohammad\.gradle\caches\modules-2\files-2.1\org.jetbrains.kotlin\kotlin-stdlib\2.1.0\85f8b81009cda5890e54ba67d64b5e599c645020\kotlin-stdlib-2.1.0.jar;C:\Users\Mohammad\.gradle\caches\modules-2\files-2.1\org.jetbrains.kotlin\kotlin-script-runtime\2.1.0\5909da8c57b75a117714ab0e348c86101b7a3284\kotlin-script-runtime-2.1.0.jar;C:\Users\Mohammad\.gradle\caches\modules-2\files-2.1\org.jetbrains.kotlin\kotlin-reflect\1.6.10\1cbe9c92c12a94eea200d23c2bbaedaf3daf5132\kotlin-reflect-1.6.10.jar;C:\Users\Mohammad\.gradle\caches\modules-2\files-2.1\org.jetbrains.kotlin\kotlin-daemon-embeddable\2.1.0\420bae1908e4a353f5b56c3c850d24d86367b25d\kotlin-daemon-embeddable-2.1.0.jar;C:\Users\Mohammad\.gradle\caches\modules-2\files-2.1\org.jetbrains.intellij.deps\trove4j\1.0.20200330\3afb14d5f9ceb459d724e907a21145e8ff394f02\trove4j-1.0.20200330.jar;C:\Users\Mohammad\.gradle\caches\modules-2\files-2.1\org.jetbrains.kotlinx\kotlinx-coroutines-core-jvm\1.6.4\2c997cd1c0ef33f3e751d3831929aeff1390cb30\kotlinx-coroutines-core-jvm-1.6.4.jar;C:\Users\Mohammad\.gradle\caches\modules-2\files-2.1\org.jetbrains\annotations\13.0\919f0dfe192fb4e063e7dacadee7f8bb9a2672a9\annotations-13.0.jar
Launcher Type: SUN_STANDARD

[Global flags]
     intx CICompilerCount                          = 4                                         {product} {ergonomic}
     uint ConcGCThreads                            = 2                                         {product} {ergonomic}
     uint G1ConcRefinementThreads                  = 8                                         {product} {ergonomic}
   size_t G1HeapRegionSize                         = 4194304                                   {product} {ergonomic}
    uintx GCDrainStackTargetSize                   = 64                                        {product} {ergonomic}
   size_t InitialHeapSize                          = 335544320                                 {product} {ergonomic}
   size_t MarkStackSize                            = 4194304                                   {product} {ergonomic}
   size_t MaxHeapSize                              = 5339348992                                {product} {ergonomic}
   size_t MinHeapDeltaBytes                        = 4194304                                   {product} {ergonomic}
   size_t MinHeapSize                              = 8388608                                   {product} {ergonomic}
    uintx NonNMethodCodeHeapSize                   = 5839372                                {pd product} {ergonomic}
    uintx NonProfiledCodeHeapSize                  = 122909434                              {pd product} {ergonomic}
    uintx ProfiledCodeHeapSize                     = 122909434                              {pd product} {ergonomic}
    uintx ReservedCodeCacheSize                    = 251658240                              {pd product} {ergonomic}
     bool SegmentedCodeCache                       = true                                      {product} {ergonomic}
   size_t SoftMaxHeapSize                          = 5339348992                             {manageable} {ergonomic}
     bool UseCompressedOops                        = true                           {product lp64_product} {ergonomic}
     bool UseG1GC                                  = true                                      {product} {ergonomic}
     bool UseLargePagesIndividualAllocation        = false                                  {pd product} {ergonomic}

Logging:
Log output configuration:
 #0: stdout all=warning uptime,level,tags foldmultilines=false
 #1: stderr all=off uptime,level,tags foldmultilines=false

Environment Variables:
JAVA_HOME=C:\Program Files\Java\jdk-17
PATH=C:\Ruby34-x64\bin;C:\Program Files (x86)\VMware\VMware Workstation\bin\;C:\Program Files\Common Files\Oracle\Java\javapath;C:\Windows\system32;C:\Windows;C:\Windows\System32\Wbem;C:\Windows\System32\WindowsPowerShell\v1.0\;C:\Program Files (x86)\Common Files\Ulead Systems\MPEG;C:\Program Files\dotnet\;C:\Program Files\nodejs\;C:\ProgramData\chocolatey\bin;C:\Program Files\Amazon\AWSCLIV2\;C:\Program Files\Git\cmd;C:\Program Files (x86)\VMware\VMware Workstation\bin\;C:\Program Files\Common Files\Oracle\Java\javapath;C:\Windows\system32;C:\Windows;C:\Windows\System32\Wbem;C:\Windows\System32\WindowsPowerShell\v1.0\;C:\Program Files\Git\cmd;C:\Program Files (x86)\Common Files\Ulead Systems\MPEG;C:\Program Files\dotnet\;C:\Program Files\nodejs\;C:\ProgramData\chocolatey\bin;C:\Program Files\Amazon\AWSCLIV2\;C:\Program Files (x86)\VMware\VMware Workstation\bin\;C:\Program Files\Common Files\Oracle\Java\javapath;C:\Windows\system32;C:\Windows;C:\Windows\System32\Wbem;C:\Windows\System32\WindowsPowerShell\v1.0\;C:\Program Files\Git\cmd;C:\Program Files (x86)\Common Files\Ulead Systems\MPEG;C:\Program Files\dotnet\;C:\Program Files\nodejs\;C:\ProgramData\chocolatey\bin;C:\Program Files\Amazon\AWSCLIV2\;C:\Users\Mohammad\AppData\Local\Programs\Python\Python313\Scripts\;C:\Users\Mohammad\AppData\Local\Programs\Python\Python313\;C:\Users\Mohammad\AppData\Local\Programs\Python\Launcher\;C:\Users\Mohammad\AppData\Local\Microsoft\;C:\Program Files\OpenSSL-Win64\bin;C:\flutter\bin;C:\Users\Mohammad\AppData\Roaming\Programs\Zero Install;C:\Users\Mohammad\AppData\Local\Pub\Cache\bin;C:\Users\Mohammad\AppData\Roaming\npm;C:\Program Files\Java\jdk-22\bin;C:\Users\Mohammad\AppData\Local\Programs\Microsoft VS Code\bin;C:\kotlinc\bin;
USERNAME=Mohammad
OS=Windows_NT
PROCESSOR_IDENTIFIER=Intel64 Family 6 Model 142 Stepping 10, GenuineIntel
TMP=C:\Temp
TEMP=C:\Temp




Periodic native trim disabled

JNI global refs:
JNI global refs: 0, weak refs: 0

JNI global refs memory usage: 0, weak refs: 0

Process memory usage:
Resident Set Size: 10532K (0% of 20847592K total physical memory with 1048820K free physical memory)

OOME stack traces (most recent first):
Classloader memory used:

---------------  S Y S T E M  ---------------

OS:
 Windows 10 , 64 bit Build 19041 (10.0.19041.546)
OS uptime: 1 days 18:34 hours

CPU: total 8 (initial active 8) (4 cores per cpu, 2 threads per core) family 6 model 142 stepping 10 microcode 0xb4, cx8, cmov, fxsr, ht, mmx, 3dnowpref, sse, sse2, sse3, ssse3, sse4.1, sse4.2, popcnt, lzcnt, tsc, tscinvbit, avx, avx2, aes, erms, clmul, bmi1, bmi2, adx, fma, vzeroupper, clflush, clflushopt, rdtscp, f16c
Processor Information for the first 8 processors :
  Max Mhz: 1800, Current Mhz: 1600, Mhz Limit: 1584

Memory: 4k page, system-wide physical 20358M (1024M free)
TotalPageFile size 32640M (AvailPageFile size 117M)
current process WorkingSet (physical memory assigned to process): 10M, peak: 10M
current process commit charge ("private bytes"): 60M, peak: 379M

vm_info: OpenJDK 64-Bit Server VM (21.0.6+-13368085-b895.109) for windows-amd64 JRE (21.0.6+-13368085-b895.109), built on 2025-04-16T17:01:31Z by "builder" with MS VC++ 16.10 / 16.11 (VS2019)

END.
